

HI-TECH Software PIC LITE Macro Assembler V9.83 build 10920 
                                                                                               Mon Jun 29 08:26:20 2015

HI-TECH Software Omniscient Code Generator (Lite mode) build 10920
     1  0000                     opt subtitle "HI-TECH Software Omniscient Code Generator (Lite mode) build 10920"
     2                           
     3                           opt pagewidth 120
     4                           
     5                           	opt lm
     6                           
     7                           	processor	16F690
     8                           clrc	macro
     9                           	bcf	3,0
    10  0000                     	endm
    11                           clrz	macro
    12                           	bcf	3,2
    13  0000                     	endm
    14                           setc	macro
    15                           	bsf	3,0
    16  0000                     	endm
    17                           setz	macro
    18                           	bsf	3,2
    19  0000                     	endm
    20                           skipc	macro
    21                           	btfss	3,0
    22  0000                     	endm
    23                           skipz	macro
    24                           	btfss	3,2
    25  0000                     	endm
    26                           skipnc	macro
    27                           	btfsc	3,0
    28  0000                     	endm
    29                           skipnz	macro
    30                           	btfsc	3,2
    31  0000                     	endm
    32  0000                     indf	equ	0
    33  0000                     indf0	equ	0
    34  0002                     pc	equ	2
    35  0002                     pcl	equ	2
    36  0003                     status	equ	3
    37  0004                     fsr	equ	4
    38  0004                     fsr0	equ	4
    39  0001                     c	equ	1
    40  0000                     z	equ	0
    41  000A                     pclath	equ	10
    42                           # 3 "C:\Users\Cláudio\Dropbox\Escola\Programação\Micros\Tarefas\2º Trimestre\2 - PWM\Tar
                                 efa_PWM_Fernanda.C"
    43                           	psect config,class=CONFIG,delta=2 ;#
    44                           # 3 "C:\Users\Cláudio\Dropbox\Escola\Programação\Micros\Tarefas\2º Trimestre\2 - PWM\Tar
                                 efa_PWM_Fernanda.C"
    45  2007  FFE4               	dw 0xFFFC & 0xFFF7 & 0xFFEF & 0xFFFF ;#
    46                           	FNROOT	_main
    47                           	FNCALL	intlevel1,_batata
    48                           	global	intlevel1
    49                           	FNROOT	intlevel1
    50                           	global	_soma
    51                           	global	_troca
    52                           	global	_CCP1CON
    53                           psect	maintext,global,class=CODE,delta=2
    54                           global __pmaintext
    55  0070                     __pmaintext:
    56  0017                     _CCP1CON	set	23
    57                           	global	_CCPR1L
    58  0015                     _CCPR1L	set	21
    59                           	global	_INTCON
    60  000B                     _INTCON	set	11
    61                           	global	_PORTA
    62  0005                     _PORTA	set	5
    63                           	global	_T2CON
    64  0012                     _T2CON	set	18
    65                           	global	_TMR2
    66  0011                     _TMR2	set	17
    67                           	global	_CARRY
    68  0018                     _CARRY	set	24
    69                           	global	_GIE
    70  005F                     _GIE	set	95
    71                           	global	_RA0
    72  0028                     _RA0	set	40
    73                           	global	_RABIF
    74  0058                     _RABIF	set	88
    75                           	global	_TMR2IF
    76  0061                     _TMR2IF	set	97
    77                           	global	_TMR2ON
    78  0092                     _TMR2ON	set	146
    79                           	global	_OSCCON
    80  008F                     _OSCCON	set	143
    81                           	global	_PR2
    82  0092                     _PR2	set	146
    83                           	global	_TRISA
    84  0085                     _TRISA	set	133
    85                           	global	_TRISB
    86  0086                     _TRISB	set	134
    87                           	global	_TRISC
    88  0087                     _TRISC	set	135
    89                           	global	_IOCA0
    90  04B0                     _IOCA0	set	1200
    91                           	global	_TMR2IE
    92  0461                     _TMR2IE	set	1121
    93                           	global	_nRABPU
    94  040F                     _nRABPU	set	1039
    95                           	global	_ANSEL
    96  011E                     _ANSEL	set	286
    97                           	global	_ANSELH
    98  011F                     _ANSELH	set	287
    99                           	global	_EEADR
   100  010D                     _EEADR	set	269
   101                           	global	_EEDATA
   102  010C                     _EEDATA	set	268
   103                           	global	_EECON1
   104  018C                     _EECON1	set	396
   105                           	global	_EECON2
   106  018D                     _EECON2	set	397
   107                           	global	_RD
   108  0C60                     _RD	set	3168
   109                           	global	_WR
   110  0C61                     _WR	set	3169
   111                           	global	_WREN
   112  0C62                     _WREN	set	3170
   113                           	file	"Tarefa_PWM.as"
   114                           	line	#
   115                           psect cinit,class=CODE,delta=2
   116                           global start_initialization
   117  00C2                     start_initialization:
   118                           
   119                           psect	bitbssCOMMON,class=COMMON,bit,space=1
   120                           global __pbitbssCOMMON
   121  03B8                     __pbitbssCOMMON:
   122  03B8                     _soma:
   123  03B8                            ds      1
   124                           
   125  03B9                     _troca:
   126  03B9                            ds      1
   127                           
   128                           ; Clear objects allocated to BITCOMMON
   129                           psect cinit,class=CODE,delta=2
   130  00C2  01F7               	clrf	((__pbitbssCOMMON/8)+0)&07Fh
   131                           psect cinit,class=CODE,delta=2
   132                           global end_of_initialization
   133                           
   134                           ;End of C runtime variable initialization code
   135                           
   136  00C3                     end_of_initialization:
   137  00C3  0183               clrf status
   138  00C4  118A  2870         ljmp _main	;jump to C main() function
   139                           psect	cstackCOMMON,class=COMMON,space=1
   140                           global __pcstackCOMMON
   141  0070                     __pcstackCOMMON:
   142                           	global	?_batata
   143  0070                     ?_batata:	; 0 bytes @ 0x0
   144                           	global	??_batata
   145  0070                     ??_batata:	; 0 bytes @ 0x0
   146                           	global	?_main
   147  0070                     ?_main:	; 0 bytes @ 0x0
   148  0070                     	ds	5
   149                           	global	??_main
   150  0075                     ??_main:	; 0 bytes @ 0x5
   151  0075                     	ds	2
   152 ;;Data sizes: Strings 0, constant 0, data 0, bss 0, persistent 0 stack 0
   153 ;;Auto spaces:   Size  Autos    Used
   154 ;; COMMON          14      7       8
   155 ;; BANK0           80      0       0
   156 ;; BANK1           80      0       0
   157 ;; BANK2           80      0       0
   158                           
   159 ;;
   160 ;; Pointer list with targets:
   161                           
   162                           
   163                           
   164 ;;
   165 ;; Critical Paths under _main in COMMON
   166 ;;
   167 ;;   None.
   168 ;;
   169 ;; Critical Paths under _batata in COMMON
   170 ;;
   171 ;;   None.
   172 ;;
   173 ;; Critical Paths under _main in BANK0
   174 ;;
   175 ;;   None.
   176 ;;
   177 ;; Critical Paths under _batata in BANK0
   178 ;;
   179 ;;   None.
   180 ;;
   181 ;; Critical Paths under _main in BANK1
   182 ;;
   183 ;;   None.
   184 ;;
   185 ;; Critical Paths under _batata in BANK1
   186 ;;
   187 ;;   None.
   188 ;;
   189 ;; Critical Paths under _main in BANK2
   190 ;;
   191 ;;   None.
   192 ;;
   193 ;; Critical Paths under _batata in BANK2
   194 ;;
   195 ;;   None.
   196                           
   197 ;;
   198 ;;Main: autosize = 0, tempsize = 2, incstack = 0, save=0
   199 ;;
   200                           
   201 ;;
   202 ;;Call Graph Tables:
   203 ;;
   204 ;; ---------------------------------------------------------------------------------
   205 ;; (Depth) Function   	        Calls       Base Space   Used Autos Params    Refs
   206 ;; ---------------------------------------------------------------------------------
   207 ;; (0) _main                                                 2     2      0       0
   208 ;;                                              5 COMMON     2     2      0
   209 ;; ---------------------------------------------------------------------------------
   210 ;; Estimated maximum stack depth 0
   211 ;; ---------------------------------------------------------------------------------
   212 ;; (Depth) Function   	        Calls       Base Space   Used Autos Params    Refs
   213 ;; ---------------------------------------------------------------------------------
   214 ;; (1) _batata                                               5     5      0       0
   215 ;;                                              0 COMMON     5     5      0
   216 ;; ---------------------------------------------------------------------------------
   217 ;; Estimated maximum stack depth 1
   218 ;; ---------------------------------------------------------------------------------
   219                           
   220 ;; Call Graph Graphs:
   221                           
   222 ;; _main (ROOT)
   223 ;;
   224 ;; _batata (ROOT)
   225 ;;
   226                           
   227 ;; Address spaces:
   228                           
   229 ;;Name               Size   Autos  Total    Cost      Usage
   230 ;;BITCOMMON            E      0       1       0        7.1%
   231 ;;EEDATA             100      0       0       0        0.0%
   232 ;;NULL                 0      0       0       0        0.0%
   233 ;;CODE                 0      0       0       0        0.0%
   234 ;;COMMON               E      7       8       1       57.1%
   235 ;;BITSFR0              0      0       0       1        0.0%
   236 ;;SFR0                 0      0       0       1        0.0%
   237 ;;BITSFR1              0      0       0       2        0.0%
   238 ;;SFR1                 0      0       0       2        0.0%
   239 ;;STACK                0      0       0       2        0.0%
   240 ;;BANK0               50      0       0       3        0.0%
   241 ;;BITBANK1            50      0       0       4        0.0%
   242 ;;BITSFR3              0      0       0       4        0.0%
   243 ;;SFR3                 0      0       0       4        0.0%
   244 ;;BANK1               50      0       0       5        0.0%
   245 ;;BITSFR2              0      0       0       5        0.0%
   246 ;;SFR2                 0      0       0       5        0.0%
   247 ;;BITBANK2            50      0       0       6        0.0%
   248 ;;BANK2               50      0       0       7        0.0%
   249 ;;ABS                  0      0       8       8        0.0%
   250 ;;BITBANK0            50      0       0       9        0.0%
   251 ;;DATA                 0      0       8      10        0.0%
   252                           
   253                           	global	_main
   254                           psect	maintext
   255                           
   256 ;; *************** function _main *****************
   257 ;; Defined at:
   258 ;;		line 59 in file "C:\Users\Cláudio\Dropbox\Escola\Programação\Micros\Tarefas\2º Trimestre\2 - PWM\Tarefa_PWM_Fernanda
       .C"
   259 ;; Parameters:    Size  Location     Type
   260 ;;		None
   261 ;; Auto vars:     Size  Location     Type
   262 ;;		None
   263 ;; Return value:  Size  Location     Type
   264 ;;		None               void
   265 ;; Registers used:
   266 ;;		wreg, status,2
   267 ;; Tracked objects:
   268 ;;		On entry : 17F/0
   269 ;;		On exit  : 0/0
   270 ;;		Unchanged: 0/0
   271 ;; Data sizes:     COMMON   BANK0   BANK1   BANK2
   272 ;;      Params:         0       0       0       0
   273 ;;      Locals:         0       0       0       0
   274 ;;      Temps:          2       0       0       0
   275 ;;      Totals:         2       0       0       0
   276 ;;Total ram usage:        2 bytes
   277 ;; Hardware stack levels required when called:    1
   278 ;; This function calls:
   279 ;;		Nothing
   280 ;; This function is called by:
   281 ;;		Startup code after reset
   282 ;; This function uses a non-reentrant model
   283 ;;
   284                           psect	maintext
   285                           	file	"C:\Users\Cláudio\Dropbox\Escola\Programação\Micros\Tarefas\2º Trimestre\2 - PWM\T
                                 arefa_PWM_Fernanda.C"
   286                           	line	59
   287                           	global	__size_of_main
   288  0052                     	__size_of_main	equ	__end_of_main-_main
   289                           	
   290  0070                     _main:	
   291                           	opt	stack 7
   292                           ; Regs used in _main: [wreg+status,2]
   293                           	line	60
   294                           	
   295  0070                     l3042:	
   296                           ;Tarefa_PWM_Fernanda.C: 60: ANSEL=0;
   297  0070  1283               	bcf	status, 5	;RP0=0, select bank2
   298  0071  1703               	bsf	status, 6	;RP1=1, select bank2
   299  0072  019E               	clrf	(286)^0100h	;volatile
   300                           	line	61
   301                           ;Tarefa_PWM_Fernanda.C: 61: ANSELH=0;
   302  0073  019F               	clrf	(287)^0100h	;volatile
   303                           	line	62
   304                           	
   305  0074                     l3044:	
   306                           ;Tarefa_PWM_Fernanda.C: 62: TRISA=0b00000001;
   307  0074  3001               	movlw	(01h)
   308  0075  1683               	bsf	status, 5	;RP0=1, select bank1
   309  0076  1303               	bcf	status, 6	;RP1=0, select bank1
   310  0077  0085               	movwf	(133)^080h	;volatile
   311                           	line	63
   312                           	
   313  0078                     l3046:	
   314                           ;Tarefa_PWM_Fernanda.C: 63: TRISB=0;
   315  0078  0186               	clrf	(134)^080h	;volatile
   316                           	line	64
   317                           	
   318  0079                     l3048:	
   319                           ;Tarefa_PWM_Fernanda.C: 64: TRISC=0;
   320  0079  0187               	clrf	(135)^080h	;volatile
   321                           	line	65
   322                           	
   323  007A                     l3050:	
   324                           ;Tarefa_PWM_Fernanda.C: 65: OSCCON=0b01010001;
   325  007A  3051               	movlw	(051h)
   326  007B  008F               	movwf	(143)^080h	;volatile
   327                           	line	66
   328                           	
   329  007C                     l3052:	
   330                           ;Tarefa_PWM_Fernanda.C: 66: nRABPU=0;
   331  007C  1381               	bcf	(1039/8)^080h,(1039)&7
   332                           	line	67
   333                           	
   334  007D                     l3054:	
   335                           ;Tarefa_PWM_Fernanda.C: 67: INTCON=0b11001000;
   336  007D  30C8               	movlw	(0C8h)
   337  007E  008B               	movwf	(11)	;volatile
   338                           	line	68
   339                           	
   340  007F                     l3056:	
   341                           ;Tarefa_PWM_Fernanda.C: 68: T2CON=0b00000010;
   342  007F  3002               	movlw	(02h)
   343  0080  1283               	bcf	status, 5	;RP0=0, select bank0
   344  0081  1303               	bcf	status, 6	;RP1=0, select bank0
   345  0082  0092               	movwf	(18)	;volatile
   346                           	line	69
   347                           ;Tarefa_PWM_Fernanda.C: 69: TMR2=0;
   348  0083  0191               	clrf	(17)	;volatile
   349                           	line	70
   350                           	
   351  0084                     l3058:	
   352                           ;Tarefa_PWM_Fernanda.C: 70: PR2=129;
   353  0084  3081               	movlw	(081h)
   354  0085  1683               	bsf	status, 5	;RP0=1, select bank1
   355  0086  1303               	bcf	status, 6	;RP1=0, select bank1
   356  0087  0092               	movwf	(146)^080h	;volatile
   357                           	line	71
   358                           	
   359  0088                     l3060:	
   360                           ;Tarefa_PWM_Fernanda.C: 71: CCP1CON=0b00001111;
   361  0088  300F               	movlw	(0Fh)
   362  0089  1283               	bcf	status, 5	;RP0=0, select bank0
   363  008A  1303               	bcf	status, 6	;RP1=0, select bank0
   364  008B  0097               	movwf	(23)	;volatile
   365                           	line	72
   366                           	
   367  008C                     l3062:	
   368                           ;Tarefa_PWM_Fernanda.C: 72: CCPR1L=130;
   369  008C  3082               	movlw	(082h)
   370  008D  0095               	movwf	(21)	;volatile
   371                           	line	73
   372                           	
   373  008E                     l3064:	
   374                           ;Tarefa_PWM_Fernanda.C: 73: TMR2IE=1;
   375  008E  1683               	bsf	status, 5	;RP0=1, select bank1
   376  008F  1303               	bcf	status, 6	;RP1=0, select bank1
   377  0090  148C               	bsf	(1121/8)^080h,(1121)&7
   378                           	line	74
   379                           	
   380  0091                     l3066:	
   381                           ;Tarefa_PWM_Fernanda.C: 74: TMR2IF=0;
   382  0091  1283               	bcf	status, 5	;RP0=0, select bank0
   383  0092  1303               	bcf	status, 6	;RP1=0, select bank0
   384  0093  108C               	bcf	(97/8),(97)&7
   385                           	line	75
   386                           	
   387  0094                     l3068:	
   388                           ;Tarefa_PWM_Fernanda.C: 75: TMR2ON=1;
   389  0094  1512               	bsf	(146/8),(146)&7
   390                           	line	76
   391                           	
   392  0095                     l3070:	
   393                           ;Tarefa_PWM_Fernanda.C: 76: IOCA0=1;
   394  0095  1683               	bsf	status, 5	;RP0=1, select bank1
   395  0096  1303               	bcf	status, 6	;RP1=0, select bank1
   396  0097  1416               	bsf	(1200/8)^080h,(1200)&7
   397                           	line	77
   398                           	
   399  0098                     l3072:	
   400                           ;Tarefa_PWM_Fernanda.C: 77: troca=0;
   401  0098  10F7               	bcf	(_troca/8),(_troca)&7
   402                           	line	78
   403                           	
   404  0099                     l3074:	
   405                           ;Tarefa_PWM_Fernanda.C: 78: soma=0;
   406  0099  1077               	bcf	(_soma/8),(_soma)&7
   407  009A  289B               	goto	l3076
   408                           	line	79
   409                           ;Tarefa_PWM_Fernanda.C: 79: while(1)
   410                           	
   411  009B                     l906:	
   412                           	line	81
   413                           	
   414  009B                     l3076:	
   415                           ;Tarefa_PWM_Fernanda.C: 80: {
   416                           ;Tarefa_PWM_Fernanda.C: 81: if(RA0==0)
   417  009B  1283               	bcf	status, 5	;RP0=0, select bank0
   418  009C  1805               	btfsc	(40/8),(40)&7
   419  009D  289F               	goto	u2311
   420  009E  28A0               	goto	u2310
   421  009F                     u2311:
   422  009F  289B               	goto	l3076
   423  00A0                     u2310:
   424                           	line	83
   425                           	
   426  00A0                     l3078:	
   427                           ;Tarefa_PWM_Fernanda.C: 82: {
   428                           ;Tarefa_PWM_Fernanda.C: 83: _delay((unsigned long)((100)*(2000000/4000.0)));
   429                           	opt asmopt_off
   430  00A0  3041               movlw	65
   431  00A1  00F6               movwf	((??_main+0)+0+1),f
   432  00A2  30EE               	movlw	238
   433  00A3  00F5               movwf	((??_main+0)+0),f
   434  00A4                     u2337:
   435  00A4  0BF5               	decfsz	((??_main+0)+0),f
   436  00A5  28A4               	goto	u2337
   437  00A6  0BF6               	decfsz	((??_main+0)+0+1),f
   438  00A7  28A4               	goto	u2337
   439  00A8  0064               	clrwdt
   440                           opt asmopt_on
   441                           
   442                           	line	84
   443                           ;Tarefa_PWM_Fernanda.C: 84: while(RA0==0);
   444  00A9  28AA               	goto	l908
   445                           	
   446  00AA                     l909:	
   447                           	
   448  00AA                     l908:	
   449  00AA  1283               	bcf	status, 5	;RP0=0, select bank0
   450  00AB  1303               	bcf	status, 6	;RP1=0, select bank0
   451  00AC  1C05               	btfss	(40/8),(40)&7
   452  00AD  28AF               	goto	u2321
   453  00AE  28B0               	goto	u2320
   454  00AF                     u2321:
   455  00AF  28AA               	goto	l908
   456  00B0                     u2320:
   457  00B0  28B1               	goto	l3080
   458                           	
   459  00B1                     l910:	
   460                           	line	85
   461                           	
   462  00B1                     l3080:	
   463                           ;Tarefa_PWM_Fernanda.C: 85: _delay((unsigned long)((100)*(2000000/4000.0)));
   464                           	opt asmopt_off
   465  00B1  3041               movlw	65
   466  00B2  00F6               movwf	((??_main+0)+0+1),f
   467  00B3  30EE               	movlw	238
   468  00B4  00F5               movwf	((??_main+0)+0),f
   469  00B5                     u2347:
   470  00B5  0BF5               	decfsz	((??_main+0)+0),f
   471  00B6  28B5               	goto	u2347
   472  00B7  0BF6               	decfsz	((??_main+0)+0+1),f
   473  00B8  28B5               	goto	u2347
   474  00B9  0064               	clrwdt
   475                           opt asmopt_on
   476                           
   477                           	line	86
   478                           	
   479  00BA                     l3082:	
   480                           ;Tarefa_PWM_Fernanda.C: 86: IOCA0=1;
   481  00BA  1683               	bsf	status, 5	;RP0=1, select bank1
   482  00BB  1303               	bcf	status, 6	;RP1=0, select bank1
   483  00BC  1416               	bsf	(1200/8)^080h,(1200)&7
   484  00BD  289B               	goto	l3076
   485                           	line	87
   486                           	
   487  00BE                     l907:	
   488  00BE  289B               	goto	l3076
   489                           	line	88
   490                           	
   491  00BF                     l911:	
   492                           	line	79
   493  00BF  289B               	goto	l3076
   494                           	
   495  00C0                     l912:	
   496                           	line	89
   497                           	
   498  00C0                     l913:	
   499                           	global	start
   500  00C0  118A  2811         	ljmp	start
   501                           	opt stack 0
   502                           GLOBAL	__end_of_main
   503  00C2                     	__end_of_main:
   504 ;; =============== function _main ends ============
   505                           
   506                           	signat	_main,88
   507                           	global	_batata
   508                           psect	text71,local,class=CODE,delta=2
   509                           global __ptext71
   510  0013                     __ptext71:
   511                           
   512 ;; *************** function _batata *****************
   513 ;; Defined at:
   514 ;;		line 11 in file "C:\Users\Cláudio\Dropbox\Escola\Programação\Micros\Tarefas\2º Trimestre\2 - PWM\Tarefa_PWM_Fernanda
       .C"
   515 ;; Parameters:    Size  Location     Type
   516 ;;		None
   517 ;; Auto vars:     Size  Location     Type
   518 ;;		None
   519 ;; Return value:  Size  Location     Type
   520 ;;		None               void
   521 ;; Registers used:
   522 ;;		wreg, status,2, status,0
   523 ;; Tracked objects:
   524 ;;		On entry : 0/0
   525 ;;		On exit  : 0/0
   526 ;;		Unchanged: 0/0
   527 ;; Data sizes:     COMMON   BANK0   BANK1   BANK2
   528 ;;      Params:         0       0       0       0
   529 ;;      Locals:         0       0       0       0
   530 ;;      Temps:          5       0       0       0
   531 ;;      Totals:         5       0       0       0
   532 ;;Total ram usage:        5 bytes
   533 ;; Hardware stack levels used:    1
   534 ;; This function calls:
   535 ;;		Nothing
   536 ;; This function is called by:
   537 ;;		Interrupt level 1
   538 ;; This function uses a non-reentrant model
   539 ;;
   540                           psect	text71
   541                           	file	"C:\Users\Cláudio\Dropbox\Escola\Programação\Micros\Tarefas\2º Trimestre\2 - PWM\T
                                 arefa_PWM_Fernanda.C"
   542                           	line	11
   543                           	global	__size_of_batata
   544  005D                     	__size_of_batata	equ	__end_of_batata-_batata
   545                           	
   546  0013                     _batata:	
   547                           	opt	stack 7
   548                           ; Regs used in _batata: [wreg+status,2+status,0]
   549                           psect	intentry,class=CODE,delta=2
   550                           global __pintentry
   551  0004                     __pintentry:
   552                           global interrupt_function
   553  0004                     interrupt_function:
   554                           	global saved_w
   555  007E                     	saved_w	set	btemp+0
   556  0004  00FE               	movwf	saved_w
   557  0005  0E03               	swapf	status,w
   558  0006  00F1               	movwf	(??_batata+1)
   559  0007  0804               	movf	fsr0,w
   560  0008  00F2               	movwf	(??_batata+2)
   561  0009  080A               	movf	pclath,w
   562  000A  00F3               	movwf	(??_batata+3)
   563  000B  1283               	bcf	status, 5	;RP0=0, select bank0
   564  000C  1303               	bcf	status, 6	;RP1=0, select bank0
   565  000D  087F               	movf	btemp+1,w
   566  000E  00F4               	movwf	(??_batata+4)
   567  000F  118A  2813         	ljmp	_batata
   568                           psect	text71
   569                           	line	12
   570                           	
   571  0013                     i1l2136:	
   572                           ;Tarefa_PWM_Fernanda.C: 12: if(RABIF==1 && RA0==0)
   573  0013  1C0B               	btfss	(88/8),(88)&7
   574  0014  2816               	goto	u1_21
   575  0015  2817               	goto	u1_20
   576  0016                     u1_21:
   577  0016  285F               	goto	i1l2180
   578  0017                     u1_20:
   579                           	
   580  0017                     i1l2138:	
   581  0017  1805               	btfsc	(40/8),(40)&7
   582  0018  281A               	goto	u2_21
   583  0019  281B               	goto	u2_20
   584  001A                     u2_21:
   585  001A  285F               	goto	i1l2180
   586  001B                     u2_20:
   587                           	line	14
   588                           	
   589  001B                     i1l2140:	
   590                           ;Tarefa_PWM_Fernanda.C: 13: {
   591                           ;Tarefa_PWM_Fernanda.C: 14: if(!troca)
   592  001B  18F7               	btfsc	(_troca/8),(_troca)&7
   593  001C  281E               	goto	u3_21
   594  001D  281F               	goto	u3_20
   595  001E                     u3_21:
   596  001E  2842               	goto	i1l894
   597  001F                     u3_20:
   598                           	line	16
   599                           	
   600  001F                     i1l2142:	
   601                           ;Tarefa_PWM_Fernanda.C: 15: {
   602                           ;Tarefa_PWM_Fernanda.C: 16: if(!soma)
   603  001F  1877               	btfsc	(_soma/8),(_soma)&7
   604  0020  2822               	goto	u4_21
   605  0021  2823               	goto	u4_20
   606  0022                     u4_21:
   607  0022  2832               	goto	i1l2156
   608  0023                     u4_20:
   609                           	line	18
   610                           	
   611  0023                     i1l2144:	
   612                           ;Tarefa_PWM_Fernanda.C: 17: {
   613                           ;Tarefa_PWM_Fernanda.C: 18: CCPR1L-=6;
   614  0023  3006               	movlw	low(06h)
   615  0024  0295               	subwf	(21),f	;volatile
   616                           	line	19
   617                           	
   618  0025                     i1l2146:	
   619                           ;Tarefa_PWM_Fernanda.C: 19: CCP1CON=0b00101111;
   620  0025  302F               	movlw	(02Fh)
   621  0026  0097               	movwf	(23)	;volatile
   622                           	line	20
   623                           	
   624  0027                     i1l2148:	
   625                           ;Tarefa_PWM_Fernanda.C: 20: soma=1;
   626  0027  1477               	bsf	(_soma/8),(_soma)&7
   627                           	line	21
   628                           	
   629  0028                     i1l2150:	
   630                           ;Tarefa_PWM_Fernanda.C: 21: if(CCPR1L<=1)
   631  0028  3002               	movlw	(02h)
   632  0029  0215               	subwf	(21),w	;volatile
   633  002A  1803               	skipnc
   634  002B  282D               	goto	u5_21
   635  002C  282E               	goto	u5_20
   636  002D                     u5_21:
   637  002D  2856               	goto	i1l2176
   638  002E                     u5_20:
   639                           	line	23
   640                           	
   641  002E                     i1l2152:	
   642                           ;Tarefa_PWM_Fernanda.C: 22: {
   643                           ;Tarefa_PWM_Fernanda.C: 23: CCPR1L=0;
   644  002E  0195               	clrf	(21)	;volatile
   645                           	line	24
   646                           	
   647  002F                     i1l2154:	
   648                           ;Tarefa_PWM_Fernanda.C: 24: troca=1;
   649  002F  14F7               	bsf	(_troca/8),(_troca)&7
   650  0030  2856               	goto	i1l2176
   651                           	line	25
   652                           	
   653  0031                     i1l896:	
   654                           	line	26
   655                           ;Tarefa_PWM_Fernanda.C: 25: }
   656                           ;Tarefa_PWM_Fernanda.C: 26: }
   657  0031  2856               	goto	i1l2176
   658                           	line	27
   659                           	
   660  0032                     i1l895:	
   661                           	line	29
   662                           	
   663  0032                     i1l2156:	
   664                           ;Tarefa_PWM_Fernanda.C: 27: else
   665                           ;Tarefa_PWM_Fernanda.C: 28: {
   666                           ;Tarefa_PWM_Fernanda.C: 29: CCPR1L-=7;
   667  0032  3007               	movlw	low(07h)
   668  0033  0295               	subwf	(21),f	;volatile
   669                           	line	30
   670                           	
   671  0034                     i1l2158:	
   672                           ;Tarefa_PWM_Fernanda.C: 30: CCP1CON=0b00001111;
   673  0034  300F               	movlw	(0Fh)
   674  0035  0097               	movwf	(23)	;volatile
   675                           	line	31
   676                           	
   677  0036                     i1l2160:	
   678                           ;Tarefa_PWM_Fernanda.C: 31: soma=0;
   679  0036  1077               	bcf	(_soma/8),(_soma)&7
   680                           	line	32
   681                           	
   682  0037                     i1l2162:	
   683                           ;Tarefa_PWM_Fernanda.C: 32: if(CCPR1L<=1)
   684  0037  3002               	movlw	(02h)
   685  0038  0215               	subwf	(21),w	;volatile
   686  0039  1803               	skipnc
   687  003A  283C               	goto	u6_21
   688  003B  283D               	goto	u6_20
   689  003C                     u6_21:
   690  003C  2856               	goto	i1l2176
   691  003D                     u6_20:
   692                           	line	34
   693                           	
   694  003D                     i1l2164:	
   695                           ;Tarefa_PWM_Fernanda.C: 33: {
   696                           ;Tarefa_PWM_Fernanda.C: 34: CCPR1L=0;
   697  003D  0195               	clrf	(21)	;volatile
   698                           	line	35
   699                           	
   700  003E                     i1l2166:	
   701                           ;Tarefa_PWM_Fernanda.C: 35: troca=1;
   702  003E  14F7               	bsf	(_troca/8),(_troca)&7
   703  003F  2856               	goto	i1l2176
   704                           	line	36
   705                           	
   706  0040                     i1l898:	
   707  0040  2856               	goto	i1l2176
   708                           	line	37
   709                           	
   710  0041                     i1l897:	
   711                           	line	38
   712                           ;Tarefa_PWM_Fernanda.C: 36: }
   713                           ;Tarefa_PWM_Fernanda.C: 37: }
   714                           ;Tarefa_PWM_Fernanda.C: 38: }
   715  0041  2856               	goto	i1l2176
   716                           	line	39
   717                           	
   718  0042                     i1l894:	
   719                           ;Tarefa_PWM_Fernanda.C: 39: else if(troca)
   720  0042  1CF7               	btfss	(_troca/8),(_troca)&7
   721  0043  2845               	goto	u7_21
   722  0044  2846               	goto	u7_20
   723  0045                     u7_21:
   724  0045  2856               	goto	i1l2176
   725  0046                     u7_20:
   726                           	line	41
   727                           	
   728  0046                     i1l2168:	
   729                           ;Tarefa_PWM_Fernanda.C: 40: {
   730                           ;Tarefa_PWM_Fernanda.C: 41: CCPR1L+=13;
   731  0046  300D               	movlw	(0Dh)
   732  0047  00F0               	movwf	(??_batata+0)+0
   733  0048  0870               	movf	(??_batata+0)+0,w
   734  0049  0795               	addwf	(21),f	;volatile
   735                           	line	42
   736                           	
   737  004A                     i1l2170:	
   738                           ;Tarefa_PWM_Fernanda.C: 42: if(CCPR1L>=129)
   739  004A  3081               	movlw	(081h)
   740  004B  0215               	subwf	(21),w	;volatile
   741  004C  1C03               	skipc
   742  004D  284F               	goto	u8_21
   743  004E  2850               	goto	u8_20
   744  004F                     u8_21:
   745  004F  2856               	goto	i1l2176
   746  0050                     u8_20:
   747                           	line	44
   748                           	
   749  0050                     i1l2172:	
   750                           ;Tarefa_PWM_Fernanda.C: 43: {
   751                           ;Tarefa_PWM_Fernanda.C: 44: CCPR1L=130;
   752  0050  3082               	movlw	(082h)
   753  0051  0095               	movwf	(21)	;volatile
   754                           	line	45
   755                           	
   756  0052                     i1l2174:	
   757                           ;Tarefa_PWM_Fernanda.C: 45: troca=0;
   758  0052  10F7               	bcf	(_troca/8),(_troca)&7
   759  0053  2856               	goto	i1l2176
   760                           	line	46
   761                           	
   762  0054                     i1l901:	
   763  0054  2856               	goto	i1l2176
   764                           	line	47
   765                           	
   766  0055                     i1l900:	
   767  0055  2856               	goto	i1l2176
   768                           	line	48
   769                           	
   770  0056                     i1l899:	
   771                           	
   772  0056                     i1l2176:	
   773                           ;Tarefa_PWM_Fernanda.C: 46: }
   774                           ;Tarefa_PWM_Fernanda.C: 47: }
   775                           ;Tarefa_PWM_Fernanda.C: 48: IOCA0=0;
   776  0056  1683               	bsf	status, 5	;RP0=1, select bank1
   777  0057  1303               	bcf	status, 6	;RP1=0, select bank1
   778  0058  1016               	bcf	(1200/8)^080h,(1200)&7
   779                           	line	49
   780                           ;Tarefa_PWM_Fernanda.C: 49: PORTA=PORTA;
   781  0059  1283               	bcf	status, 5	;RP0=0, select bank0
   782  005A  1303               	bcf	status, 6	;RP1=0, select bank0
   783  005B  0805               	movf	(5),w	;volatile
   784  005C  0085               	movwf	(5)	;volatile
   785                           	line	50
   786                           	
   787  005D                     i1l2178:	
   788                           ;Tarefa_PWM_Fernanda.C: 50: RABIF=0;
   789  005D  100B               	bcf	(88/8),(88)&7
   790  005E  285F               	goto	i1l2180
   791                           	line	51
   792                           	
   793  005F                     i1l893:	
   794                           	line	52
   795                           	
   796  005F                     i1l2180:	
   797                           ;Tarefa_PWM_Fernanda.C: 51: }
   798                           ;Tarefa_PWM_Fernanda.C: 52: if(TMR2IF==1)
   799  005F  1C8C               	btfss	(97/8),(97)&7
   800  0060  2862               	goto	u9_21
   801  0061  2863               	goto	u9_20
   802  0062                     u9_21:
   803  0062  2865               	goto	i1l903
   804  0063                     u9_20:
   805                           	line	54
   806                           	
   807  0063                     i1l2182:	
   808                           ;Tarefa_PWM_Fernanda.C: 53: {
   809                           ;Tarefa_PWM_Fernanda.C: 54: TMR2IF=0;
   810  0063  108C               	bcf	(97/8),(97)&7
   811  0064  2865               	goto	i1l903
   812                           	line	55
   813                           	
   814  0065                     i1l902:	
   815                           	line	56
   816                           	
   817  0065                     i1l903:	
   818  0065  0874               	movf	(??_batata+4),w
   819  0066  00FF               	movwf	btemp+1
   820  0067  0873               	movf	(??_batata+3),w
   821  0068  008A               	movwf	pclath
   822  0069  0872               	movf	(??_batata+2),w
   823  006A  0084               	movwf	fsr0
   824  006B  0E71               	swapf	(??_batata+1)^0FFFFFF80h,w
   825  006C  0083               	movwf	status
   826  006D  0EFE               	swapf	saved_w,f
   827  006E  0E7E               	swapf	saved_w,w
   828  006F  0009               	retfie
   829                           	opt stack 0
   830                           GLOBAL	__end_of_batata
   831  0070                     	__end_of_batata:
   832 ;; =============== function _batata ends ============
   833                           
   834                           	signat	_batata,88
   835                           psect	text72,local,class=CODE,delta=2
   836                           global __ptext72
   837  0000                     __ptext72:
   838                           	global	btemp
   839  007E                     	btemp set 07Eh
   840                           
   841                           	DABS	1,126,2	;btemp
   842                           	global	wtemp0
   843  007E                     	wtemp0 set btemp


HI-TECH Software PICC Macro Assembler V9.83 build 10920 
Symbol Table                                                                                   Mon Jun 29 08:26:20 2015

                  _RD 0C60                    _WR 0C61                   l910 00B1                   l911 00BF  
                 l912 00C0                   l913 00C0                   l906 009B                   l907 00BE  
                 l908 00AA                   l909 00AA                   _GIE 005F                   _RA0 0028  
                 _PR2 0092                   fsr0 0004                  l3050 007A                  l3042 0070  
                l3060 0088                  l3052 007C                  l3044 0074                  l3070 0095  
                l3062 008C                  l3054 007D                  l3046 0078                  l3080 00B1  
                l3072 0098                  l3064 008E                  l3056 007F                  l3048 0079  
                l3082 00BA                  l3074 0099                  l3066 0091                  l3058 0084  
                l3076 009B                  l3068 0094                  l3078 00A0                  u2310 00A0  
                u2311 009F                  u2320 00B0                  u2321 00AF                  u2337 00A4  
                u2347 00B5                  _TMR2 0011                  _WREN 0C62                  u1_20 0017  
                u1_21 0016                  u2_20 001B                  u2_21 001A                  u3_20 001F  
                u3_21 001E                  u4_20 0023                  u4_21 0022                  u5_20 002E  
                u5_21 002D                  u6_20 003D                  u6_21 003C                  u7_20 0046  
                u7_21 0045                  u8_20 0050                  u8_21 004F                  u9_20 0063  
                u9_21 0062                  _main 0070                  _soma 03B8                  btemp 007E  
                start 0011                 ?_main 0070                 _EEADR 010D                 _CARRY 0018  
               _ANSEL 011E                 _IOCA0 04B0                 _T2CON 0012                 _RABIF 0058  
               i1l900 0055                 i1l901 0054                 i1l902 0065                 i1l903 0065  
               i1l893 005F                 i1l894 0042                 i1l895 0032                 i1l896 0031  
               i1l897 0041                 i1l898 0040                 i1l899 0056                 _PORTA 0005  
               _TRISA 0085                 _TRISB 0086                 _TRISC 0087                 _troca 03B9  
      __pbitbssCOMMON 03B8                 pclath 000A                 status 0003                 wtemp0 007E  
        __end_of_main 00C2                ??_main 0075                _EEDATA 010C                _CCPR1L 0015  
              _EECON1 018C                _EECON2 018D                _ANSELH 011F                i1l2140 001B  
              i1l2150 0028                i1l2142 001F                i1l2160 0036                i1l2152 002E  
              i1l2144 0023                i1l2136 0013                i1l2170 004A                i1l2162 0037  
              i1l2154 002F                i1l2146 0025                i1l2138 0017                i1l2172 0050  
              i1l2164 003D                i1l2148 0027                i1l2156 0032                i1l2180 005F  
              i1l2182 0063                i1l2174 0052                i1l2166 003E                i1l2158 0034  
              i1l2168 0046                i1l2176 0056                i1l2178 005D                _INTCON 000B  
              _OSCCON 008F                _TMR2IE 0461                _TMR2IF 0061                _TMR2ON 0092  
              _nRABPU 040F                _batata 0013                saved_w 007E        __pcstackCOMMON 0070  
          __pmaintext 0070               ?_batata 0070            __pintentry 0004               _CCP1CON 0017  
     __size_of_batata 005D  end_of_initialization 00C3        __end_of_batata 0070   start_initialization 00C2  
            ??_batata 0070     interrupt_function 0004              __ptext71 0013              __ptext72 0000  
       __size_of_main 0052              intlevel1 0000  
